<?xml version="1.0" encoding="UTF-8"?>
<!-- Generated by org.testng.reporters.JUnitReportReporter -->
<testsuite hostname="Lenovo-PC" failures="0" tests="2" name="testengine.example19" time="0.015" errors="0" timestamp="2023-01-09T19:04:08 IST" skipped="0">
  <testcase classname="testengine.example19" name="TC2" time="0.012"/>
  <system-out>
    <![CDATA[running TC2]]>
  </system-out>
  <testcase classname="testengine.example19" name="TC3" time="0.003"/>
  <system-out>
    <![CDATA[running TC3]]>
  </system-out>
</testsuite> <!-- testengine.example19 -->
