<?xml version="1.0" encoding="UTF-8"?>
<!-- Generated by org.testng.reporters.JUnitReportReporter -->
<testsuite hostname="Lenovo-PC" failures="0" tests="2" name="testengine.example9" time="0.014" errors="0" timestamp="2023-01-03T12:32:32 IST" skipped="0">
  <testcase classname="testengine.example9" name="TC2" time="0.001"/>
  <system-out>
    <![CDATA[running tc2]]>
  </system-out>
  <testcase classname="testengine.example9" name="TC1" time="0.013"/>
  <system-out>
    <![CDATA[running tc1]]>
  </system-out>
</testsuite> <!-- testengine.example9 -->
