<?xml version="1.0" encoding="UTF-8"?>
<!-- Generated by org.testng.reporters.JUnitReportReporter -->
<testsuite hostname="Lenovo-PC" failures="0" tests="1" name="testengine.example13" time="0.016" errors="0" timestamp="2023-01-04T11:36:07 IST" skipped="0">
  <testcase classname="testengine.example13" name="TC1" time="0.016"/>
  <system-out/>
</testsuite> <!-- testengine.example13 -->
