<?xml version="1.0" encoding="UTF-8"?>
<!-- Generated by org.testng.reporters.JUnitReportReporter -->
<testsuite hostname="Lenovo-PC" failures="0" tests="2" name="testengine.example7" time="0.019" errors="0" timestamp="2023-01-02T23:46:01 IST" skipped="0">
  <testcase classname="testengine.example7" name="tc1" time="0.017"/>
  <system-out>
    <![CDATA[running test case tc1]]>
  </system-out>
  <testcase classname="testengine.example7" name="tc2" time="0.002"/>
  <system-out>
    <![CDATA[running test casetc2]]>
  </system-out>
</testsuite> <!-- testengine.example7 -->
