<?xml version="1.0" encoding="UTF-8"?>
<!-- Generated by org.testng.reporters.JUnitReportReporter -->
<testsuite hostname="Lenovo-PC" failures="0" tests="1" name="testengine.example12" time="0.018" errors="0" timestamp="2023-01-04T11:24:05 IST" skipped="0">
  <testcase classname="testengine.example12" name="TC1" time="0.018"/>
  <system-out>
    <![CDATA[ running TC1]]>
  </system-out>
</testsuite> <!-- testengine.example12 -->
