<?xml version="1.0" encoding="UTF-8"?>
<!-- Generated by org.testng.reporters.JUnitReportReporter -->
<testsuite hostname="Lenovo-PC" failures="0" tests="1" name="testengine.example16" time="0.014" errors="0" timestamp="2023-01-09T16:09:06 IST" skipped="0">
  <testcase classname="testengine.example16" name="TC2" time="0.014"/>
  <system-out>
    <![CDATA[running TC2]]>
  </system-out>
</testsuite> <!-- testengine.example16 -->
