<?xml version="1.0" encoding="UTF-8"?>
<!-- Generated by org.testng.reporters.JUnitReportReporter -->
<testsuite hostname="Lenovo-PC" failures="0" tests="2" name="testengine.example6_enable" time="0.015" errors="0" timestamp="2023-01-02T23:34:34 IST" skipped="0">
  <testcase classname="testengine.example6_enable" name="tc1" time="0.014"/>
  <system-out>
    <![CDATA[running tc1]]>
  </system-out>
  <testcase classname="testengine.example6_enable" name="tc2" time="0.001"/>
  <system-out>
    <![CDATA[running tc2]]>
  </system-out>
</testsuite> <!-- testengine.example6_enable -->
