<?xml version="1.0" encoding="UTF-8"?>
<!-- Generated by org.testng.reporters.JUnitReportReporter -->
<testsuite hostname="Lenovo-PC" failures="0" tests="1" name="testengine.example10" time="0.011" errors="0" timestamp="2023-01-09T15:43:59 IST" skipped="0">
  <testcase classname="testengine.example10" name="TC1" time="0.011"/>
  <system-out>
    <![CDATA[running test case TC1 ]]>
  </system-out>
</testsuite> <!-- testengine.example10 -->
