<?xml version="1.0" encoding="UTF-8"?>
<!-- Generated by org.testng.reporters.JUnitReportReporter -->
<testsuite hostname="Lenovo-PC" failures="0" tests="3" name="testengine.example5_keywords" time="0.021" errors="0" timestamp="2023-01-02T21:56:12 IST" skipped="0">
  <testcase classname="testengine.example5_keywords" name="TC1" time="0.004"/>
  <system-out>
    <![CDATA[running tests 1]]>
  </system-out>
  <testcase classname="testengine.example5_keywords" name="TC1" time="0.014"/>
  <system-out>
    <![CDATA[running tests 1]]>
  </system-out>
  <testcase classname="testengine.example5_keywords" name="TC1" time="0.003"/>
  <system-out>
    <![CDATA[running tests 1]]>
  </system-out>
</testsuite> <!-- testengine.example5_keywords -->
