<?xml version="1.0" encoding="UTF-8"?>
<!-- Generated by org.testng.reporters.JUnitReportReporter -->
<testsuite hostname="Lenovo-PC" failures="0" tests="2" name="testengine.example18" time="0.004" errors="0" timestamp="2023-01-09T19:04:08 IST" skipped="0">
  <testcase classname="testengine.example18" name="TC2" time="0.002"/>
  <system-out>
    <![CDATA[running test case TC2]]>
  </system-out>
  <testcase classname="testengine.example18" name="TC1" time="0.002"/>
  <system-out>
    <![CDATA[running test case TC1 ]]>
  </system-out>
</testsuite> <!-- testengine.example18 -->
