<?xml version="1.0" encoding="UTF-8"?>
<!-- Generated by org.testng.reporters.JUnitReportReporter -->
<testsuite hostname="Lenovo-PC" failures="0" tests="2" name="testengine.example2_Emailablereport" time="0.017" errors="0" timestamp="2022-12-30T16:31:11 IST" skipped="0">
  <testcase classname="testengine.example2_Emailablereport" name="TC1" time="0.015"/>
  <system-out/>
  <testcase classname="testengine.example2_Emailablereport" name="TC2" time="0.002"/>
  <system-out/>
</testsuite> <!-- testengine.example2_Emailablereport -->
