<?xml version="1.0" encoding="UTF-8"?>
<!-- Generated by org.testng.reporters.JUnitReportReporter -->
<testsuite hostname="Lenovo-PC" failures="0" tests="1" name="testengine.example20_multi_browsingtesting" time="15.220" errors="0" timestamp="2023-01-11T20:10:26 IST" skipped="0">
  <testcase classname="testengine.example20_multi_browsingtesting" name="multibrowingtesting" time="15.220"/>
  <system-out/>
</testsuite> <!-- testengine.example20_multi_browsingtesting -->
