<?xml version="1.0" encoding="UTF-8"?>
<!-- Generated by org.testng.reporters.JUnitReportReporter -->
<testsuite hostname="Lenovo-PC" failures="0" tests="1" name="testengine.example11" time="0.017" errors="0" timestamp="2023-01-04T11:19:24 IST" skipped="0">
  <testcase classname="testengine.example11" name="TC" time="0.017"/>
  <system-out>
    <![CDATA[running TC]]>
  </system-out>
</testsuite> <!-- testengine.example11 -->
