<?xml version="1.0" encoding="UTF-8"?>
<!-- Generated by org.testng.reporters.JUnitReportReporter -->
<testsuite hostname="Lenovo-PC" failures="0" tests="1" name="testengine.example20_parralel_2" time="19.833" errors="0" timestamp="2023-01-11T14:46:00 IST" skipped="0">
  <testcase classname="testengine.example20_parralel_2" name="facebookligin" time="19.833"/>
  <system-out/>
</testsuite> <!-- testengine.example20_parralel_2 -->
