<?xml version="1.0" encoding="UTF-8"?>
<!-- Generated by org.testng.reporters.JUnitReportReporter -->
<testsuite hostname="Lenovo-PC" failures="0" tests="4" name="testengine.example17" time="0.007" errors="0" timestamp="2023-01-09T15:49:28 IST" skipped="0">
  <testcase classname="testengine.example17" name="TC1" time="0.001"/>
  <system-out>
    <![CDATA[ running TC1 ]]>
  </system-out>
  <testcase classname="testengine.example17" name="TC2" time="0.002"/>
  <system-out>
    <![CDATA[ running TC2]]>
  </system-out>
  <testcase classname="testengine.example17" name="TC4" time="0.002"/>
  <system-out>
    <![CDATA[running TC4 ]]>
  </system-out>
  <testcase classname="testengine.example17" name="TC3" time="0.002"/>
  <system-out>
    <![CDATA[running TC3]]>
  </system-out>
</testsuite> <!-- testengine.example17 -->
