<?xml version="1.0" encoding="UTF-8"?>
<!-- Generated by org.testng.reporters.JUnitReportReporter -->
<testsuite hostname="Lenovo-PC" failures="0" tests="1" name="testengine.example1" time="12.490" errors="0" timestamp="2022-12-30T16:18:48 IST" skipped="0">
  <testcase classname="testengine.example1" name="tc1" time="12.490"/>
  <system-out/>
</testsuite> <!-- testengine.example1 -->
