<?xml version="1.0" encoding="UTF-8"?>
<!-- Generated by org.testng.reporters.JUnitReportReporter -->
<testsuite hostname="Lenovo-PC" failures="0" tests="1" name="testengine.example10_assertclass" time="0.023" errors="0" timestamp="2023-01-04T11:11:00 IST" skipped="0">
  <testcase classname="testengine.example10_assertclass" name="TC1" time="0.023"/>
  <system-out>
    <![CDATA[running TC1 ]]>
  </system-out>
</testsuite> <!-- testengine.example10_assertclass -->
