<?xml version="1.0" encoding="UTF-8"?>
<!-- Generated by org.testng.reporters.JUnitReportReporter -->
<testsuite hostname="Lenovo-PC" failures="0" tests="2" name="testengine.example3_Annotations" time="0.011" errors="0" timestamp="2023-01-02T21:34:13 IST" skipped="0">
  <testcase classname="testengine.example3_Annotations" name="verifylogo2" time="0.003"/>
  <system-out>
    <![CDATA[verify logo2 ]]>
  </system-out>
  <testcase classname="testengine.example3_Annotations" name="verifylogo1" time="0.008"/>
  <system-out>
    <![CDATA[running verifylogo1 test script ]]>
  </system-out>
</testsuite> <!-- testengine.example3_Annotations -->
